<?xml version="1.0" encoding="UTF-8"?>
<!-- Generated by org.testng.reporters.JUnitXMLReporter -->
<testsuite hostname="MX-60010073" ignored="0" name="Test" tests="6" failures="1" timestamp="2020-04-09T18:45:36 CEST" time="551.47" errors="0">
  <testcase name="SoDig177" time="12.995" classname="fr.mutex.qualif.espaceemployeur.EESoDig177"/>
  <testcase name="SoDig135" time="8.57" classname="fr.mutex.qualif.espaceemployeur.EESoDig135"/>
  <testcase name="SoDig55" time="26.694" classname="fr.mutex.qualif.espaceemployeur.EESoDig55">
    <skipped/>
  </testcase> <!-- SoDig55 -->
  <testcase name="SoDig55" time="26.715" classname="fr.mutex.qualif.espaceemployeur.EESoDig55">
    <skipped/>
  </testcase> <!-- SoDig55 -->
  <testcase name="SoDig55" time="26.603" classname="fr.mutex.qualif.espaceemployeur.EESoDig55">
    <failure type="org.openqa.selenium.TimeoutException" message="Expected condition failed: waiting for visibility of Proxy element for: DefaultElementLocator &amp;apos;By.xpath: //a[@href=&amp;apos;/Utiliser-vos-services/Decouvrir-vos-servicesXXX&amp;apos;]&amp;apos; (tried for 20 second(s) with 500 milliseconds interval)">
      <![CDATA[org.openqa.selenium.TimeoutException: Expected condition failed: waiting for visibility of Proxy element for: DefaultElementLocator 'By.xpath: //a[@href='/Utiliser-vos-services/Decouvrir-vos-servicesXXX']' (tried for 20 second(s) with 500 milliseconds interval)
at org.openqa.selenium.support.ui.WebDriverWait.timeoutException(WebDriverWait.java:113)
at org.openqa.selenium.support.ui.FluentWait.until(FluentWait.java:283)
at com.mutex.selenium.forme.espaceemployeur.utiliserVosServices.DecouvrirVosServices.DecouvrirVosServicesAffichage(DecouvrirVosServices.java:37)
at fr.mutex.qualif.espaceemployeur.EESoDig55.SoDig55(EESoDig55.java:54)
at java.util.ArrayList.forEach(ArrayList.java:1257)
Caused by: org.openqa.selenium.NoSuchElementException: no such element: Unable to locate element: {"method":"xpath","selector":"//a[@href='/Utiliser-vos-services/Decouvrir-vos-servicesXXX']"}
  (Session info: chrome=80.0.3987.163)
For documentation on this error, please visit: http://seleniumhq.org/exceptions/no_such_element.html
Build info: version: '3.14.0', revision: 'aacccce0', time: '2018-08-02T20:19:58.91Z'
System info: host: 'MX-60010073', ip: '192.168.5.185', os.name: 'Windows 7', os.arch: 'amd64', os.version: '6.1', java.version: '1.8.0_192'
Driver info: org.openqa.selenium.chrome.ChromeDriver
Capabilities {acceptInsecureCerts: true, browserName: chrome, browserVersion: 80.0.3987.163, chrome: {chromedriverVersion: 80.0.3987.106 (f68069574609..., userDataDir: C:\Users\achaouch\AppData\L...}, goog:chromeOptions: {debuggerAddress: localhost:50381}, javascriptEnabled: true, networkConnectionEnabled: false, pageLoadStrategy: normal, platform: WINDOWS, platformName: WINDOWS, proxy: Proxy(), setWindowRect: true, strictFileInteractability: false, timeouts: {implicit: 0, pageLoad: 300000, script: 30000}, unhandledPromptBehavior: accept}
Session ID: 7a89a1320d3e67018c44a20126230e39
*** Element info: {Using=xpath, value=//a[@href='/Utiliser-vos-services/Decouvrir-vos-servicesXXX']}
at org.openqa.selenium.remote.http.W3CHttpResponseCodec.createException(W3CHttpResponseCodec.java:187)
at org.openqa.selenium.remote.http.W3CHttpResponseCodec.decode(W3CHttpResponseCodec.java:122)
at org.openqa.selenium.remote.http.W3CHttpResponseCodec.decode(W3CHttpResponseCodec.java:49)
at org.openqa.selenium.remote.HttpCommandExecutor.execute(HttpCommandExecutor.java:158)
at org.openqa.selenium.remote.service.DriverCommandExecutor.execute(DriverCommandExecutor.java:83)
at org.openqa.selenium.remote.RemoteWebDriver.execute(RemoteWebDriver.java:548)
at org.openqa.selenium.remote.RemoteWebDriver.findElement(RemoteWebDriver.java:322)
at org.openqa.selenium.remote.RemoteWebDriver.findElementByXPath(RemoteWebDriver.java:424)
at org.openqa.selenium.By$ByXPath.findElement(By.java:353)
at org.openqa.selenium.remote.RemoteWebDriver.findElement(RemoteWebDriver.java:314)
at org.openqa.selenium.support.pagefactory.DefaultElementLocator.findElement(DefaultElementLocator.java:69)
at org.openqa.selenium.support.pagefactory.internal.LocatingElementHandler.invoke(LocatingElementHandler.java:38)
at com.sun.proxy.$Proxy11.isDisplayed(Unknown Source)
at org.openqa.selenium.support.ui.ExpectedConditions.elementIfVisible(ExpectedConditions.java:315)
at org.openqa.selenium.support.ui.ExpectedConditions.access$100(ExpectedConditions.java:44)
at org.openqa.selenium.support.ui.ExpectedConditions$10.apply(ExpectedConditions.java:301)
at org.openqa.selenium.support.ui.ExpectedConditions$10.apply(ExpectedConditions.java:298)
at org.openqa.selenium.support.ui.FluentWait.until(FluentWait.java:260)
... 30 more
... Removed 30 stack frames]]>
    </failure>
  </testcase> <!-- SoDig55 -->
  <testcase name="loginCorrectCredentialsTest" time="3.291" classname="fr.mutex.qualif.espaceemployeur.test2"/>
</testsuite> <!-- Test -->
