{"name":"SoDig135","status":"broken","statusDetails":{"known":false,"muted":false,"flaky":false,"message":"invalid selector: Unable to locate an element with the xpath expression //h2[(text() = ' Nous contacter' or . = ' Nous contacter')]')] because of the following error:\nSyntaxError: Failed to execute 'evaluate' on 'Document': The string '//h2[(text() = ' Nous contacter' or . = ' Nous contacter')]')]' is not a valid XPath expression.\n  (Session info: chrome=80.0.3987.162)\nFor documentation on this error, please visit: http://seleniumhq.org/exceptions/invalid_selector_exception.html\nBuild info: version: '3.14.0', revision: 'aacccce0', time: '2018-08-02T20:19:58.91Z'\nSystem info: host: 'MX-60010073', ip: '192.168.5.127', os.name: 'Windows 7', os.arch: 'amd64', os.version: '6.1', java.version: '1.8.0_192'\nDriver info: org.openqa.selenium.chrome.ChromeDriver\nCapabilities {acceptInsecureCerts: true, browserName: chrome, browserVersion: 80.0.3987.162, chrome: {chromedriverVersion: 80.0.3987.106 (f68069574609..., userDataDir: C:\\Users\\achaouch\\AppData\\L...}, goog:chromeOptions: {debuggerAddress: localhost:58002}, javascriptEnabled: true, networkConnectionEnabled: false, pageLoadStrategy: normal, platform: WINDOWS, platformName: WINDOWS, proxy: Proxy(), setWindowRect: true, strictFileInteractability: false, timeouts: {implicit: 0, pageLoad: 300000, script: 30000}, unhandledPromptBehavior: accept}\nSession ID: cce75107152434f0d6bb0f7c1f6413cf\n*** Element info: {Using=xpath, value=//h2[(text() = ' Nous contacter' or . = ' Nous contacter')]')]}","trace":"org.openqa.selenium.InvalidSelectorException: invalid selector: Unable to locate an element with the xpath expression //h2[(text() = ' Nous contacter' or . = ' Nous contacter')]')] because of the following error:\nSyntaxError: Failed to execute 'evaluate' on 'Document': The string '//h2[(text() = ' Nous contacter' or . = ' Nous contacter')]')]' is not a valid XPath expression.\n  (Session info: chrome=80.0.3987.162)\nFor documentation on this error, please visit: http://seleniumhq.org/exceptions/invalid_selector_exception.html\nBuild info: version: '3.14.0', revision: 'aacccce0', time: '2018-08-02T20:19:58.91Z'\nSystem info: host: 'MX-60010073', ip: '192.168.5.127', os.name: 'Windows 7', os.arch: 'amd64', os.version: '6.1', java.version: '1.8.0_192'\nDriver info: org.openqa.selenium.chrome.ChromeDriver\nCapabilities {acceptInsecureCerts: true, browserName: chrome, browserVersion: 80.0.3987.162, chrome: {chromedriverVersion: 80.0.3987.106 (f68069574609..., userDataDir: C:\\Users\\achaouch\\AppData\\L...}, goog:chromeOptions: {debuggerAddress: localhost:58002}, javascriptEnabled: true, networkConnectionEnabled: false, pageLoadStrategy: normal, platform: WINDOWS, platformName: WINDOWS, proxy: Proxy(), setWindowRect: true, strictFileInteractability: false, timeouts: {implicit: 0, pageLoad: 300000, script: 30000}, unhandledPromptBehavior: accept}\nSession ID: cce75107152434f0d6bb0f7c1f6413cf\n*** Element info: {Using=xpath, value=//h2[(text() = ' Nous contacter' or . = ' Nous contacter')]')]}\r\n\tat sun.reflect.NativeConstructorAccessorImpl.newInstance0(Native Method)\r\n\tat sun.reflect.NativeConstructorAccessorImpl.newInstance(NativeConstructorAccessorImpl.java:62)\r\n\tat sun.reflect.DelegatingConstructorAccessorImpl.newInstance(DelegatingConstructorAccessorImpl.java:45)\r\n\tat java.lang.reflect.Constructor.newInstance(Constructor.java:423)\r\n\tat org.openqa.selenium.remote.http.W3CHttpResponseCodec.createException(W3CHttpResponseCodec.java:187)\r\n\tat org.openqa.selenium.remote.http.W3CHttpResponseCodec.decode(W3CHttpResponseCodec.java:122)\r\n\tat org.openqa.selenium.remote.http.W3CHttpResponseCodec.decode(W3CHttpResponseCodec.java:49)\r\n\tat org.openqa.selenium.remote.HttpCommandExecutor.execute(HttpCommandExecutor.java:158)\r\n\tat org.openqa.selenium.remote.service.DriverCommandExecutor.execute(DriverCommandExecutor.java:83)\r\n\tat org.openqa.selenium.remote.RemoteWebDriver.execute(RemoteWebDriver.java:548)\r\n\tat org.openqa.selenium.remote.RemoteWebDriver.findElement(RemoteWebDriver.java:322)\r\n\tat org.openqa.selenium.remote.RemoteWebDriver.findElementByXPath(RemoteWebDriver.java:424)\r\n\tat org.openqa.selenium.By$ByXPath.findElement(By.java:353)\r\n\tat org.openqa.selenium.remote.RemoteWebDriver.findElement(RemoteWebDriver.java:314)\r\n\tat com.mutex.selenium.forme.espaceemployeur.consulterVosInformations.DocumentsContractuelsPage.clickLienVotreCentreDeGestion(DocumentsContractuelsPage.java:63)\r\n\tat fr.mutex.qualif.espaceemployeur.EESoDig135.SoDig135(EESoDig135.java:57)\r\n\tat sun.reflect.NativeMethodAccessorImpl.invoke0(Native Method)\r\n\tat sun.reflect.NativeMethodAccessorImpl.invoke(NativeMethodAccessorImpl.java:62)\r\n\tat sun.reflect.DelegatingMethodAccessorImpl.invoke(DelegatingMethodAccessorImpl.java:43)\r\n\tat java.lang.reflect.Method.invoke(Method.java:498)\r\n\tat org.testng.internal.MethodInvocationHelper.invokeMethod(MethodInvocationHelper.java:135)\r\n\tat org.testng.internal.TestInvoker.invokeMethod(TestInvoker.java:598)\r\n\tat org.testng.internal.TestInvoker.invokeTestMethod(TestInvoker.java:174)\r\n\tat org.testng.internal.MethodRunner.runInSequence(MethodRunner.java:46)\r\n\tat org.testng.internal.TestInvoker$MethodInvocationAgent.invoke(TestInvoker.java:821)\r\n\tat org.testng.internal.TestInvoker.invokeTestMethods(TestInvoker.java:147)\r\n\tat org.testng.internal.TestMethodWorker.invokeTestMethods(TestMethodWorker.java:146)\r\n\tat org.testng.internal.TestMethodWorker.run(TestMethodWorker.java:128)\r\n\tat java.util.ArrayList.forEach(ArrayList.java:1257)\r\n\tat org.testng.TestRunner.privateRun(TestRunner.java:767)\r\n\tat org.testng.TestRunner.run(TestRunner.java:588)\r\n\tat org.testng.SuiteRunner.runTest(SuiteRunner.java:384)\r\n\tat org.testng.SuiteRunner.runSequentially(SuiteRunner.java:378)\r\n\tat org.testng.SuiteRunner.privateRun(SuiteRunner.java:337)\r\n\tat org.testng.SuiteRunner.run(SuiteRunner.java:286)\r\n\tat org.testng.SuiteRunnerWorker.runSuite(SuiteRunnerWorker.java:53)\r\n\tat org.testng.SuiteRunnerWorker.run(SuiteRunnerWorker.java:96)\r\n\tat org.testng.TestNG.runSuitesSequentially(TestNG.java:1214)\r\n\tat org.testng.TestNG.runSuitesLocally(TestNG.java:1136)\r\n\tat org.testng.TestNG.runSuites(TestNG.java:1066)\r\n\tat org.testng.TestNG.run(TestNG.java:1034)\r\n\tat org.testng.remote.AbstractRemoteTestNG.run(AbstractRemoteTestNG.java:115)\r\n\tat org.testng.remote.RemoteTestNG.initAndRun(RemoteTestNG.java:251)\r\n\tat org.testng.remote.RemoteTestNG.main(RemoteTestNG.java:77)\r\n"},"stage":"finished","description":"Documents liés à votre contrat","steps":[{"name":"se connecté avec mail: fodie.doucourre+69202823600028@gmail.com et mot de passe: Mutex2019 step...","status":"passed","stage":"finished","steps":[],"attachments":[],"parameters":[{"name":"mail","value":"fodie.doucourre+69202823600028@gmail.com"},{"name":"pwd","value":"Mutex2019"}],"start":1585843953081,"stop":1585843957111},{"name":"On Ouvre la page :'Espace employeur'","status":"passed","stage":"finished","steps":[],"attachments":[],"parameters":[],"start":1585843957115,"stop":1585843957204},{"name":"On Ouvre le Menu 'Consulter-vos-informations'.","status":"passed","stage":"finished","steps":[],"attachments":[],"parameters":[],"start":1585843957211,"stop":1585843959068},{"name":"On Ouvre le sous Menu 'Documents-contractuels'.","status":"passed","stage":"finished","steps":[],"attachments":[],"parameters":[],"start":1585843959069,"stop":1585843960893},{"name":"On click sur le lien 'votre centre de gestion'.","status":"broken","statusDetails":{"known":false,"muted":false,"flaky":false,"message":"invalid selector: Unable to locate an element with the xpath expression //h2[(text() = ' Nous contacter' or . = ' Nous contacter')]')] because of the following error:\nSyntaxError: Failed to execute 'evaluate' on 'Document': The string '//h2[(text() = ' Nous contacter' or . = ' Nous contacter')]')]' is not a valid XPath expression.\n  (Session info: chrome=80.0.3987.162)\nFor documentation on this error, please visit: http://seleniumhq.org/exceptions/invalid_selector_exception.html\nBuild info: version: '3.14.0', revision: 'aacccce0', time: '2018-08-02T20:19:58.91Z'\nSystem info: host: 'MX-60010073', ip: '192.168.5.127', os.name: 'Windows 7', os.arch: 'amd64', os.version: '6.1', java.version: '1.8.0_192'\nDriver info: org.openqa.selenium.chrome.ChromeDriver\nCapabilities {acceptInsecureCerts: true, browserName: chrome, browserVersion: 80.0.3987.162, chrome: {chromedriverVersion: 80.0.3987.106 (f68069574609..., userDataDir: C:\\Users\\achaouch\\AppData\\L...}, goog:chromeOptions: {debuggerAddress: localhost:58002}, javascriptEnabled: true, networkConnectionEnabled: false, pageLoadStrategy: normal, platform: WINDOWS, platformName: WINDOWS, proxy: Proxy(), setWindowRect: true, strictFileInteractability: false, timeouts: {implicit: 0, pageLoad: 300000, script: 30000}, unhandledPromptBehavior: accept}\nSession ID: cce75107152434f0d6bb0f7c1f6413cf\n*** Element info: {Using=xpath, value=//h2[(text() = ' Nous contacter' or . = ' Nous contacter')]')]}","trace":"org.openqa.selenium.InvalidSelectorException: invalid selector: Unable to locate an element with the xpath expression //h2[(text() = ' Nous contacter' or . = ' Nous contacter')]')] because of the following error:\nSyntaxError: Failed to execute 'evaluate' on 'Document': The string '//h2[(text() = ' Nous contacter' or . = ' Nous contacter')]')]' is not a valid XPath expression.\n  (Session info: chrome=80.0.3987.162)\nFor documentation on this error, please visit: http://seleniumhq.org/exceptions/invalid_selector_exception.html\nBuild info: version: '3.14.0', revision: 'aacccce0', time: '2018-08-02T20:19:58.91Z'\nSystem info: host: 'MX-60010073', ip: '192.168.5.127', os.name: 'Windows 7', os.arch: 'amd64', os.version: '6.1', java.version: '1.8.0_192'\nDriver info: org.openqa.selenium.chrome.ChromeDriver\nCapabilities {acceptInsecureCerts: true, browserName: chrome, browserVersion: 80.0.3987.162, chrome: {chromedriverVersion: 80.0.3987.106 (f68069574609..., userDataDir: C:\\Users\\achaouch\\AppData\\L...}, goog:chromeOptions: {debuggerAddress: localhost:58002}, javascriptEnabled: true, networkConnectionEnabled: false, pageLoadStrategy: normal, platform: WINDOWS, platformName: WINDOWS, proxy: Proxy(), setWindowRect: true, strictFileInteractability: false, timeouts: {implicit: 0, pageLoad: 300000, script: 30000}, unhandledPromptBehavior: accept}\nSession ID: cce75107152434f0d6bb0f7c1f6413cf\n*** Element info: {Using=xpath, value=//h2[(text() = ' Nous contacter' or . = ' Nous contacter')]')]}\r\n\tat sun.reflect.NativeConstructorAccessorImpl.newInstance0(Native Method)\r\n\tat sun.reflect.NativeConstructorAccessorImpl.newInstance(NativeConstructorAccessorImpl.java:62)\r\n\tat sun.reflect.DelegatingConstructorAccessorImpl.newInstance(DelegatingConstructorAccessorImpl.java:45)\r\n\tat java.lang.reflect.Constructor.newInstance(Constructor.java:423)\r\n\tat org.openqa.selenium.remote.http.W3CHttpResponseCodec.createException(W3CHttpResponseCodec.java:187)\r\n\tat org.openqa.selenium.remote.http.W3CHttpResponseCodec.decode(W3CHttpResponseCodec.java:122)\r\n\tat org.openqa.selenium.remote.http.W3CHttpResponseCodec.decode(W3CHttpResponseCodec.java:49)\r\n\tat org.openqa.selenium.remote.HttpCommandExecutor.execute(HttpCommandExecutor.java:158)\r\n\tat org.openqa.selenium.remote.service.DriverCommandExecutor.execute(DriverCommandExecutor.java:83)\r\n\tat org.openqa.selenium.remote.RemoteWebDriver.execute(RemoteWebDriver.java:548)\r\n\tat org.openqa.selenium.remote.RemoteWebDriver.findElement(RemoteWebDriver.java:322)\r\n\tat org.openqa.selenium.remote.RemoteWebDriver.findElementByXPath(RemoteWebDriver.java:424)\r\n\tat org.openqa.selenium.By$ByXPath.findElement(By.java:353)\r\n\tat org.openqa.selenium.remote.RemoteWebDriver.findElement(RemoteWebDriver.java:314)\r\n\tat com.mutex.selenium.forme.espaceemployeur.consulterVosInformations.DocumentsContractuelsPage.clickLienVotreCentreDeGestion(DocumentsContractuelsPage.java:63)\r\n\tat fr.mutex.qualif.espaceemployeur.EESoDig135.SoDig135(EESoDig135.java:57)\r\n\tat sun.reflect.NativeMethodAccessorImpl.invoke0(Native Method)\r\n\tat sun.reflect.NativeMethodAccessorImpl.invoke(NativeMethodAccessorImpl.java:62)\r\n\tat sun.reflect.DelegatingMethodAccessorImpl.invoke(DelegatingMethodAccessorImpl.java:43)\r\n\tat java.lang.reflect.Method.invoke(Method.java:498)\r\n\tat org.testng.internal.MethodInvocationHelper.invokeMethod(MethodInvocationHelper.java:135)\r\n\tat org.testng.internal.TestInvoker.invokeMethod(TestInvoker.java:598)\r\n\tat org.testng.internal.TestInvoker.invokeTestMethod(TestInvoker.java:174)\r\n\tat org.testng.internal.MethodRunner.runInSequence(MethodRunner.java:46)\r\n\tat org.testng.internal.TestInvoker$MethodInvocationAgent.invoke(TestInvoker.java:821)\r\n\tat org.testng.internal.TestInvoker.invokeTestMethods(TestInvoker.java:147)\r\n\tat org.testng.internal.TestMethodWorker.invokeTestMethods(TestMethodWorker.java:146)\r\n\tat org.testng.internal.TestMethodWorker.run(TestMethodWorker.java:128)\r\n\tat java.util.ArrayList.forEach(ArrayList.java:1257)\r\n\tat org.testng.TestRunner.privateRun(TestRunner.java:767)\r\n\tat org.testng.TestRunner.run(TestRunner.java:588)\r\n\tat org.testng.SuiteRunner.runTest(SuiteRunner.java:384)\r\n\tat org.testng.SuiteRunner.runSequentially(SuiteRunner.java:378)\r\n\tat org.testng.SuiteRunner.privateRun(SuiteRunner.java:337)\r\n\tat org.testng.SuiteRunner.run(SuiteRunner.java:286)\r\n\tat org.testng.SuiteRunnerWorker.runSuite(SuiteRunnerWorker.java:53)\r\n\tat org.testng.SuiteRunnerWorker.run(SuiteRunnerWorker.java:96)\r\n\tat org.testng.TestNG.runSuitesSequentially(TestNG.java:1214)\r\n\tat org.testng.TestNG.runSuitesLocally(TestNG.java:1136)\r\n\tat org.testng.TestNG.runSuites(TestNG.java:1066)\r\n\tat org.testng.TestNG.run(TestNG.java:1034)\r\n\tat org.testng.remote.AbstractRemoteTestNG.run(AbstractRemoteTestNG.java:115)\r\n\tat org.testng.remote.RemoteTestNG.initAndRun(RemoteTestNG.java:251)\r\n\tat org.testng.remote.RemoteTestNG.main(RemoteTestNG.java:77)\r\n"},"stage":"finished","steps":[],"attachments":[],"parameters":[],"start":1585843960896,"stop":1585843962871}],"attachments":[{"name":"Page screenshot","source":"995d3a0e-7779-4bc1-927a-68a85ba349d1-attachment","type":"image/png"},{"name":"SoDig135 failed and screenshot taken!","source":"424e7524-87a1-4c5e-87a6-a22288bec3e8-attachment","type":"text/plain"}],"parameters":[],"start":1585843953026,"stop":1585843967700,"uuid":"9db6d4b9-ea5d-42fd-a1b2-7bf855f3de11","historyId":"518ef1ab32be9eeeb8edcbccdc9d4486","fullName":"fr.mutex.qualif.espaceemployeur.EESoDig135.SoDig135","labels":[{"name":"package","value":"fr.mutex.qualif.espaceemployeur.EESoDig135"},{"name":"testClass","value":"fr.mutex.qualif.espaceemployeur.EESoDig135"},{"name":"testMethod","value":"SoDig135"},{"name":"parentSuite","value":"Default suite"},{"name":"suite","value":"Default test"},{"name":"subSuite","value":"fr.mutex.qualif.espaceemployeur.EESoDig135"},{"name":"host","value":"MX-60010073"},{"name":"thread","value":"13112@MX-60010073.main(1)"},{"name":"framework","value":"testng"},{"name":"language","value":"java"}],"links":[]}