<?xml version="1.0" encoding="UTF-8"?>
<!-- Generated by org.testng.reporters.JUnitXMLReporter -->
<testsuite hostname="MX-60010073" ignored="0" name="Test" tests="5" failures="1" timestamp="2020-04-02T13:19:14 CEST" time="436.531" errors="0">
  <testcase name="loginCorrectCredentialsTest" time="13.173" classname="fr.mutex.qualif.espaceemployeur.EESoDig177">
    <skipped/>
  </testcase> <!-- loginCorrectCredentialsTest -->
  <testcase name="loginCorrectCredentialsTest" time="11.812" classname="fr.mutex.qualif.espaceemployeur.EESoDig177">
    <skipped/>
  </testcase> <!-- loginCorrectCredentialsTest -->
  <testcase name="loginCorrectCredentialsTest" time="10.672" classname="fr.mutex.qualif.espaceemployeur.EESoDig177">
    <skipped/>
  </testcase> <!-- loginCorrectCredentialsTest -->
  <testcase name="loginCorrectCredentialsTest" time="10.604" classname="fr.mutex.qualif.espaceemployeur.EESoDig177">
    <failure type="java.lang.AssertionError" message="expected [true] but found [false]">
      <![CDATA[java.lang.AssertionError: expected [true] but found [false]
at fr.mutex.qualif.espaceemployeur.EESoDig177.loginCorrectCredentialsTest(EESoDig177.java:63)
at java.util.ArrayList.forEach(ArrayList.java:1257)
... Removed 31 stack frames]]>
    </failure>
  </testcase> <!-- loginCorrectCredentialsTest -->
  <testcase name="loginCorrectCredentialsTest" time="3.516" classname="fr.mutex.qualif.espaceemployeur.test2"/>
</testsuite> <!-- Test -->
